build/app/intermediates/manifest_merge_blame_file/debug/manifest-merger-blame-debug-report.txt
1<?xml version="1.0" encoding="utf-8"?>
2<manifest xmlns:android="http://schemas.android.com/apk/res/android"
3    package="com.example.baratonsupermarket_app"
4    android:versionCode="1"
5    android:versionName="1.0.0" >
6
7    <uses-sdk
8        android:minSdkVersion="21"
9        android:targetSdkVersion="28" />
10    <!--
11         Flutter needs it to communicate with the running application
12         to allow setting breakpoints, to provide hot reload, etc.
13    -->
14    <uses-permission android:name="android.permission.INTERNET" />
14-->src/debug/AndroidManifest.xml:6:5-66
14-->src/debug/AndroidManifest.xml:6:22-64
15    <uses-permission android:name="android.permission.WAKE_LOCK" />
15-->[:firebase_messaging] AndroidManifest.xml:8:5-68
15-->[:firebase_messaging] AndroidManifest.xml:8:22-65
16    <uses-permission android:name="android.permission.ACCESS_NETWORK_STATE" />
16-->[:firebase_messaging] AndroidManifest.xml:9:5-79
16-->[:firebase_messaging] AndroidManifest.xml:9:22-76
17    <uses-permission android:name="android.permission.READ_EXTERNAL_STORAGE" />
17-->[:images_picker] AndroidManifest.xml:7:5-80
17-->[:images_picker] AndroidManifest.xml:7:22-77
18    <uses-permission android:name="android.permission.WRITE_EXTERNAL_STORAGE" />
18-->[:images_picker] AndroidManifest.xml:8:5-81
18-->[:images_picker] AndroidManifest.xml:8:22-78
19    <uses-permission android:name="android.permission.CAMERA" />
19-->[:images_picker] AndroidManifest.xml:9:5-65
19-->[:images_picker] AndroidManifest.xml:9:22-62
20    <uses-permission android:name="android.permission.RECORD_AUDIO" /> <!-- See https://developer.android.com/training/package-visibility/declaring for more details. -->
20-->[:images_picker] AndroidManifest.xml:10:5-71
20-->[:images_picker] AndroidManifest.xml:10:22-68
21    <queries package="com.example.baratonsupermarket_app" >
21-->[com.stripe:payments-core:16.10.0] AndroidManifest.xml:10:5-14:15
21-->[com.github.LuckSiege.PictureSelector:picture_library:v2.6.1] AndroidManifest.xml:14:14-40
22
23        <!-- Added to check if Chrome is installed for browser-based payment authentication (e.g. 3DS1). -->
24        <package android:name="com.android.chrome" />
24-->[com.stripe:payments-core:16.10.0] AndroidManifest.xml:13:9-54
24-->[com.stripe:payments-core:16.10.0] AndroidManifest.xml:13:18-51
25
26        <intent>
26-->[com.github.LuckSiege.PictureSelector:picture_library:v2.6.1] AndroidManifest.xml:15:9-17:18
27            <action android:name="android.media.action.IMAGE_CAPTURE" />
27-->[com.github.LuckSiege.PictureSelector:picture_library:v2.6.1] AndroidManifest.xml:16:13-73
27-->[com.github.LuckSiege.PictureSelector:picture_library:v2.6.1] AndroidManifest.xml:16:21-70
28        </intent>
29        <intent>
29-->[com.github.LuckSiege.PictureSelector:picture_library:v2.6.1] AndroidManifest.xml:15:9-17:18
30            <action android:name="android.media.action.ACTION_VIDEO_CAPTURE" />
31        </intent>
32    </queries> <!-- Required by older versions of Google Play services to create IID tokens -->
33    <uses-permission android:name="com.google.android.c2dm.permission.RECEIVE" />
33-->[com.google.firebase:firebase-messaging:22.0.0] AndroidManifest.xml:25:5-82
33-->[com.google.firebase:firebase-messaging:22.0.0] AndroidManifest.xml:25:22-79
34    <uses-permission android:name="com.google.android.finsky.permission.BIND_GET_INSTALL_REFERRER_SERVICE" />
34-->[com.google.android.gms:play-services-measurement:19.0.1] AndroidManifest.xml:26:5-110
34-->[com.google.android.gms:play-services-measurement:19.0.1] AndroidManifest.xml:26:22-107
35
36    <uses-feature
36-->[com.google.android.gms:play-services-maps:17.0.0] AndroidManifest.xml:26:5-28:35
37        android:glEsVersion="0x00020000"
37-->[com.google.android.gms:play-services-maps:17.0.0] AndroidManifest.xml:27:9-41
38        android:required="true" />
38-->[com.google.android.gms:play-services-maps:17.0.0] AndroidManifest.xml:28:9-32
39    <!--
40 io.flutter.app.FlutterApplication is an android.app.Application that
41         calls FlutterMain.startInitialization(this); in its onCreate method.
42         In most cases you can leave this as-is, but you if you want to provide
43         additional functionality it is fine to subclass or reimplement
44         FlutterApplication and put your custom class here.
45    -->
46    <application
46-->src/main/AndroidManifest.xml:8:5-47:19
47        android:name="io.flutter.app.FlutterApplication"
47-->src/main/AndroidManifest.xml:9:9-57
48        android:appComponentFactory="androidx.core.app.CoreComponentFactory"
48-->[androidx.core:core:1.5.0] AndroidManifest.xml:24:18-86
49        android:debuggable="true"
50        android:icon="@mipmap/ic_launcher"
50-->src/main/AndroidManifest.xml:11:9-43
51        android:label="flutter_ecom"
51-->src/main/AndroidManifest.xml:10:9-37
52        android:theme="@style/Theme.AppCompat.Light.NoActionBar" >
52-->[:stripe_payment] AndroidManifest.xml:11:18-74
53        <activity
53-->src/main/AndroidManifest.xml:13:9-41:20
54            android:name="com.example.flutter_ecom.MainActivity"
54-->src/main/AndroidManifest.xml:14:13-41
55            android:configChanges="orientation|keyboardHidden|keyboard|screenSize|smallestScreenSize|locale|layoutDirection|fontScale|screenLayout|density|uiMode"
55-->src/main/AndroidManifest.xml:17:13-163
56            android:hardwareAccelerated="true"
56-->src/main/AndroidManifest.xml:18:13-47
57            android:launchMode="singleTop"
57-->src/main/AndroidManifest.xml:15:13-43
58            android:theme="@style/LaunchTheme"
58-->src/main/AndroidManifest.xml:16:13-47
59            android:windowSoftInputMode="adjustResize" >
59-->src/main/AndroidManifest.xml:19:13-55
60
61            <!--
62                 Specifies an Android theme to apply to this Activity as soon as
63                 the Android process has started. This theme is visible to the user
64                 while the Flutter UI initializes. After that, this theme continues
65                 to determine the Window background behind the Flutter UI.
66            -->
67            <meta-data
67-->src/main/AndroidManifest.xml:24:13-27:17
68                android:name="io.flutter.embedding.android.NormalTheme"
68-->src/main/AndroidManifest.xml:25:15-70
69                android:resource="@style/NormalTheme" />
69-->src/main/AndroidManifest.xml:26:15-52
70            <!--
71                 Displays an Android View that continues showing the launch screen
72                 Drawable until Flutter paints its first frame, then this splash
73                 screen fades out. A splash screen is useful to avoid any visual
74                 gap between the end of Android's launch screen and the painting of
75                 Flutter's first frame.
76            -->
77            <meta-data
77-->src/main/AndroidManifest.xml:33:13-36:17
78                android:name="io.flutter.embedding.android.SplashScreenDrawable"
78-->src/main/AndroidManifest.xml:34:15-79
79                android:resource="@drawable/launch_background" />
79-->src/main/AndroidManifest.xml:35:15-61
80
81            <intent-filter>
81-->src/main/AndroidManifest.xml:37:13-40:29
82                <action android:name="android.intent.action.MAIN" />
82-->src/main/AndroidManifest.xml:38:17-68
82-->src/main/AndroidManifest.xml:38:25-66
83
84                <category android:name="android.intent.category.LAUNCHER" />
84-->src/main/AndroidManifest.xml:39:17-76
84-->src/main/AndroidManifest.xml:39:27-74
85            </intent-filter>
86        </activity>
87        <!--
88             Don't delete the meta-data below.
89             This is used by the Flutter tool to generate GeneratedPluginRegistrant.java
90        -->
91        <meta-data
91-->src/main/AndroidManifest.xml:44:9-46:33
92            android:name="flutterEmbedding"
92-->src/main/AndroidManifest.xml:45:13-44
93            android:value="2" />
93-->src/main/AndroidManifest.xml:46:13-30
94
95        <service
95-->[:firebase_messaging] AndroidManifest.xml:12:9-15:72
96            android:name="io.flutter.plugins.firebase.messaging.FlutterFirebaseMessagingBackgroundService"
96-->[:firebase_messaging] AndroidManifest.xml:13:13-107
97            android:exported="false"
97-->[:firebase_messaging] AndroidManifest.xml:14:13-37
98            android:permission="android.permission.BIND_JOB_SERVICE" />
98-->[:firebase_messaging] AndroidManifest.xml:15:13-69
99        <service
99-->[:firebase_messaging] AndroidManifest.xml:16:9-22:19
100            android:name="io.flutter.plugins.firebase.messaging.FlutterFirebaseMessagingService"
100-->[:firebase_messaging] AndroidManifest.xml:17:13-97
101            android:exported="false" >
101-->[:firebase_messaging] AndroidManifest.xml:18:13-37
102            <intent-filter>
102-->[:firebase_messaging] AndroidManifest.xml:19:13-21:29
103                <action android:name="com.google.firebase.MESSAGING_EVENT" />
103-->[:firebase_messaging] AndroidManifest.xml:20:17-78
103-->[:firebase_messaging] AndroidManifest.xml:20:25-75
104            </intent-filter>
105        </service>
106
107        <receiver
107-->[:firebase_messaging] AndroidManifest.xml:24:9-31:20
108            android:name="io.flutter.plugins.firebase.messaging.FlutterFirebaseMessagingReceiver"
108-->[:firebase_messaging] AndroidManifest.xml:25:13-98
109            android:exported="true"
109-->[:firebase_messaging] AndroidManifest.xml:26:13-36
110            android:permission="com.google.android.c2dm.permission.SEND" >
110-->[:firebase_messaging] AndroidManifest.xml:27:13-73
111            <intent-filter>
111-->[:firebase_messaging] AndroidManifest.xml:28:13-30:29
112                <action android:name="com.google.android.c2dm.intent.RECEIVE" />
112-->[:firebase_messaging] AndroidManifest.xml:29:17-81
112-->[:firebase_messaging] AndroidManifest.xml:29:25-78
113            </intent-filter>
114        </receiver>
115
116        <service
116-->[:firebase_messaging] AndroidManifest.xml:33:9-37:19
117            android:name="com.google.firebase.components.ComponentDiscoveryService"
117-->[:firebase_messaging] AndroidManifest.xml:33:18-89
118            android:directBootAware="true"
118-->[com.google.firebase:firebase-common:20.0.0] AndroidManifest.xml:35:13-43
119            android:exported="false" >
119-->[com.google.firebase:firebase-firestore:23.0.3] AndroidManifest.xml:19:13-37
120            <meta-data
120-->[:firebase_messaging] AndroidManifest.xml:34:13-36:85
121                android:name="com.google.firebase.components:io.flutter.plugins.firebase.messaging.FlutterFirebaseAppRegistrar"
121-->[:firebase_messaging] AndroidManifest.xml:35:17-128
122                android:value="com.google.firebase.components.ComponentRegistrar" />
122-->[:firebase_messaging] AndroidManifest.xml:36:17-82
123            <meta-data
123-->[:cloud_firestore] AndroidManifest.xml:9:13-11:85
124                android:name="com.google.firebase.components:io.flutter.plugins.firebase.firestore.FlutterFirebaseFirestoreRegistrar"
124-->[:cloud_firestore] AndroidManifest.xml:10:17-134
125                android:value="com.google.firebase.components.ComponentRegistrar" />
125-->[:cloud_firestore] AndroidManifest.xml:11:17-82
126            <meta-data
126-->[:firebase_database] AndroidManifest.xml:9:13-11:85
127                android:name="com.google.firebase.components:io.flutter.plugins.firebase.database.FlutterFirebaseAppRegistrar"
127-->[:firebase_database] AndroidManifest.xml:10:17-127
128                android:value="com.google.firebase.components.ComponentRegistrar" />
128-->[:firebase_database] AndroidManifest.xml:11:17-82
129            <meta-data
129-->[:firebase_auth] AndroidManifest.xml:9:13-11:85
130                android:name="com.google.firebase.components:io.flutter.plugins.firebase.auth.FlutterFirebaseAuthRegistrar"
130-->[:firebase_auth] AndroidManifest.xml:10:17-124
131                android:value="com.google.firebase.components.ComponentRegistrar" />
131-->[:firebase_auth] AndroidManifest.xml:11:17-82
132            <meta-data
132-->[:firebase_core] AndroidManifest.xml:9:13-11:85
133                android:name="com.google.firebase.components:io.flutter.plugins.firebase.core.FlutterFirebaseCoreRegistrar"
133-->[:firebase_core] AndroidManifest.xml:10:17-124
134                android:value="com.google.firebase.components.ComponentRegistrar" />
134-->[:firebase_core] AndroidManifest.xml:11:17-82
135            <meta-data
135-->[com.google.firebase:firebase-firestore:23.0.3] AndroidManifest.xml:20:13-22:85
136                android:name="com.google.firebase.components:com.google.firebase.firestore.FirestoreRegistrar"
136-->[com.google.firebase:firebase-firestore:23.0.3] AndroidManifest.xml:21:17-111
137                android:value="com.google.firebase.components.ComponentRegistrar" />
137-->[com.google.firebase:firebase-firestore:23.0.3] AndroidManifest.xml:22:17-82
138            <meta-data
138-->[com.google.firebase:firebase-messaging:22.0.0] AndroidManifest.xml:52:13-54:85
139                android:name="com.google.firebase.components:com.google.firebase.messaging.FirebaseMessagingRegistrar"
139-->[com.google.firebase:firebase-messaging:22.0.0] AndroidManifest.xml:53:17-119
140                android:value="com.google.firebase.components.ComponentRegistrar" />
140-->[com.google.firebase:firebase-messaging:22.0.0] AndroidManifest.xml:54:17-82
141            <meta-data
141-->[com.google.firebase:firebase-auth:21.0.1] AndroidManifest.xml:77:13-79:85
142                android:name="com.google.firebase.components:com.google.firebase.auth.FirebaseAuthRegistrar"
142-->[com.google.firebase:firebase-auth:21.0.1] AndroidManifest.xml:78:17-109
143                android:value="com.google.firebase.components.ComponentRegistrar" />
143-->[com.google.firebase:firebase-auth:21.0.1] AndroidManifest.xml:79:17-82
144            <meta-data
144-->[com.google.firebase:firebase-database:20.0.1] AndroidManifest.xml:32:13-34:85
145                android:name="com.google.firebase.components:com.google.firebase.database.DatabaseRegistrar"
145-->[com.google.firebase:firebase-database:20.0.1] AndroidManifest.xml:33:17-109
146                android:value="com.google.firebase.components.ComponentRegistrar" />
146-->[com.google.firebase:firebase-database:20.0.1] AndroidManifest.xml:34:17-82
147            <meta-data
147-->[com.google.android.gms:play-services-measurement-api:19.0.1] AndroidManifest.xml:30:13-32:85
148                android:name="com.google.firebase.components:com.google.firebase.analytics.connector.internal.AnalyticsConnectorRegistrar"
148-->[com.google.android.gms:play-services-measurement-api:19.0.1] AndroidManifest.xml:31:17-139
149                android:value="com.google.firebase.components.ComponentRegistrar" />
149-->[com.google.android.gms:play-services-measurement-api:19.0.1] AndroidManifest.xml:32:17-82
150            <meta-data
150-->[com.google.firebase:firebase-datatransport:18.0.0] AndroidManifest.xml:28:13-30:85
151                android:name="com.google.firebase.components:com.google.firebase.datatransport.TransportRegistrar"
151-->[com.google.firebase:firebase-datatransport:18.0.0] AndroidManifest.xml:29:17-115
152                android:value="com.google.firebase.components.ComponentRegistrar" />
152-->[com.google.firebase:firebase-datatransport:18.0.0] AndroidManifest.xml:30:17-82
153            <meta-data
153-->[com.google.firebase:firebase-installations:17.0.0] AndroidManifest.xml:18:13-20:85
154                android:name="com.google.firebase.components:com.google.firebase.installations.FirebaseInstallationsRegistrar"
154-->[com.google.firebase:firebase-installations:17.0.0] AndroidManifest.xml:19:17-127
155                android:value="com.google.firebase.components.ComponentRegistrar" />
155-->[com.google.firebase:firebase-installations:17.0.0] AndroidManifest.xml:20:17-82
156        </service>
157
158        <provider
158-->[:firebase_messaging] AndroidManifest.xml:39:9-43:38
159            android:name="io.flutter.plugins.firebase.messaging.FlutterFirebaseMessagingInitProvider"
159-->[:firebase_messaging] AndroidManifest.xml:40:13-102
160            android:authorities="com.example.baratonsupermarket_app.flutterfirebasemessaginginitprovider"
160-->[:firebase_messaging] AndroidManifest.xml:41:13-88
161            android:exported="false"
161-->[:firebase_messaging] AndroidManifest.xml:42:13-37
162            android:initOrder="99" />
162-->[:firebase_messaging] AndroidManifest.xml:43:13-35
163
164        <meta-data
164-->[:stripe_payment] AndroidManifest.xml:12:9-14:36
165            android:name="com.google.android.gms.wallet.api.enabled"
165-->[:stripe_payment] AndroidManifest.xml:13:13-69
166            android:value="true" />
166-->[:stripe_payment] AndroidManifest.xml:14:13-33
167
168        <activity
168-->[:stripe_payment] AndroidManifest.xml:16:9-20:75
169            android:name="com.gettipsi.stripe.OpenBrowserActivity"
169-->[:stripe_payment] AndroidManifest.xml:17:13-67
170            android:exported="false"
170-->[:stripe_payment] AndroidManifest.xml:18:13-37
171            android:launchMode="singleTask"
171-->[:stripe_payment] AndroidManifest.xml:19:13-44
172            android:theme="@android:style/Theme.Translucent.NoTitleBar" />
172-->[:stripe_payment] AndroidManifest.xml:20:13-72
173        <activity
173-->[:stripe_payment] AndroidManifest.xml:21:9-34:20
174            android:name="com.gettipsi.stripe.RedirectUriReceiver"
174-->[:stripe_payment] AndroidManifest.xml:22:13-67
175            android:exported="true"
175-->[:stripe_payment] AndroidManifest.xml:23:13-36
176            android:launchMode="singleTask"
176-->[:stripe_payment] AndroidManifest.xml:24:13-44
177            android:theme="@android:style/Theme.Translucent.NoTitleBar.Fullscreen" >
177-->[:stripe_payment] AndroidManifest.xml:25:13-83
178            <intent-filter>
178-->[:stripe_payment] AndroidManifest.xml:26:13-33:29
179                <action android:name="android.intent.action.VIEW" />
179-->[:stripe_payment] AndroidManifest.xml:27:17-69
179-->[:stripe_payment] AndroidManifest.xml:27:25-66
180
181                <category android:name="android.intent.category.DEFAULT" />
181-->[:stripe_payment] AndroidManifest.xml:29:17-76
181-->[:stripe_payment] AndroidManifest.xml:29:27-73
182                <category android:name="android.intent.category.BROWSABLE" />
182-->[:stripe_payment] AndroidManifest.xml:30:17-78
182-->[:stripe_payment] AndroidManifest.xml:30:27-75
183
184                <data android:scheme="example" />
184-->[:stripe_payment] AndroidManifest.xml:32:17-50
184-->[:stripe_payment] AndroidManifest.xml:32:23-47
185            </intent-filter>
186        </activity>
187        <activity
187-->[com.stripe:payments-core:16.10.0] AndroidManifest.xml:17:9-19:57
188            android:name="com.stripe.android.view.AddPaymentMethodActivity"
188-->[com.stripe:payments-core:16.10.0] AndroidManifest.xml:18:13-76
189            android:theme="@style/StripeDefaultTheme" />
189-->[com.stripe:payments-core:16.10.0] AndroidManifest.xml:19:13-54
190        <activity
190-->[com.stripe:payments-core:16.10.0] AndroidManifest.xml:20:9-22:57
191            android:name="com.stripe.android.view.PaymentMethodsActivity"
191-->[com.stripe:payments-core:16.10.0] AndroidManifest.xml:21:13-74
192            android:theme="@style/StripeDefaultTheme" />
192-->[com.stripe:payments-core:16.10.0] AndroidManifest.xml:22:13-54
193        <activity
193-->[com.stripe:payments-core:16.10.0] AndroidManifest.xml:23:9-25:57
194            android:name="com.stripe.android.view.PaymentFlowActivity"
194-->[com.stripe:payments-core:16.10.0] AndroidManifest.xml:24:13-71
195            android:theme="@style/StripeDefaultTheme" />
195-->[com.stripe:payments-core:16.10.0] AndroidManifest.xml:25:13-54
196        <activity
196-->[com.stripe:payments-core:16.10.0] AndroidManifest.xml:26:9-29:58
197            android:name="com.stripe.android.view.PaymentAuthWebViewActivity"
197-->[com.stripe:payments-core:16.10.0] AndroidManifest.xml:27:13-78
198            android:theme="@style/StripeDefaultTheme"
198-->[com.stripe:payments-core:16.10.0] AndroidManifest.xml:28:13-54
199            android:windowSoftInputMode="adjustResize" />
199-->[com.stripe:payments-core:16.10.0] AndroidManifest.xml:29:13-55
200        <activity
200-->[com.stripe:payments-core:16.10.0] AndroidManifest.xml:30:9-32:61
201            android:name="com.stripe.android.view.PaymentRelayActivity"
201-->[com.stripe:payments-core:16.10.0] AndroidManifest.xml:31:13-72
202            android:theme="@style/StripeTransparentTheme" />
202-->[com.stripe:payments-core:16.10.0] AndroidManifest.xml:32:13-58
203        <!--
204        Set android:launchMode="singleTop" so that the StripeBrowserLauncherActivity instance that
205        launched the browser Activity will also handle the return URL deep link.
206        -->
207        <activity
207-->[com.stripe:payments-core:16.10.0] AndroidManifest.xml:38:9-54:20
208            android:name="com.stripe.android.payments.StripeBrowserLauncherActivity"
208-->[com.stripe:payments-core:16.10.0] AndroidManifest.xml:39:13-85
209            android:launchMode="singleTop"
209-->[com.stripe:payments-core:16.10.0] AndroidManifest.xml:40:13-43
210            android:theme="@style/StripeTransparentTheme" >
210-->[com.stripe:payments-core:16.10.0] AndroidManifest.xml:41:13-58
211            <intent-filter>
211-->[com.stripe:payments-core:16.10.0] AndroidManifest.xml:42:13-53:29
212                <action android:name="android.intent.action.VIEW" />
212-->[:stripe_payment] AndroidManifest.xml:27:17-69
212-->[:stripe_payment] AndroidManifest.xml:27:25-66
213
214                <category android:name="android.intent.category.DEFAULT" />
214-->[:stripe_payment] AndroidManifest.xml:29:17-76
214-->[:stripe_payment] AndroidManifest.xml:29:27-73
215                <category android:name="android.intent.category.BROWSABLE" />
215-->[:stripe_payment] AndroidManifest.xml:30:17-78
215-->[:stripe_payment] AndroidManifest.xml:30:27-75
216
217                <!-- Must match `DefaultReturnUrl#value`. -->
218                <data
218-->[:stripe_payment] AndroidManifest.xml:32:17-50
219                    android:host="payment_return_url"
220                    android:path="/com.example.baratonsupermarket_app"
221                    android:scheme="stripesdk" />
221-->[:stripe_payment] AndroidManifest.xml:32:23-47
222            </intent-filter>
223        </activity>
224        <activity
224-->[com.stripe:payments-core:16.10.0] AndroidManifest.xml:55:9-57:57
225            android:name="com.stripe.android.view.Stripe3ds2CompletionActivity"
225-->[com.stripe:payments-core:16.10.0] AndroidManifest.xml:56:13-80
226            android:theme="@style/StripeDefaultTheme" />
226-->[com.stripe:payments-core:16.10.0] AndroidManifest.xml:57:13-54
227        <activity
227-->[com.stripe:payments-core:16.10.0] AndroidManifest.xml:58:9-60:69
228            android:name="com.stripe.android.paymentsheet.PaymentSheetActivity"
228-->[com.stripe:payments-core:16.10.0] AndroidManifest.xml:59:13-80
229            android:theme="@style/StripePaymentSheetDefaultTheme" />
229-->[com.stripe:payments-core:16.10.0] AndroidManifest.xml:60:13-66
230        <activity
230-->[com.stripe:payments-core:16.10.0] AndroidManifest.xml:61:9-63:69
231            android:name="com.stripe.android.paymentsheet.PaymentOptionsActivity"
231-->[com.stripe:payments-core:16.10.0] AndroidManifest.xml:62:13-82
232            android:theme="@style/StripePaymentSheetDefaultTheme" />
232-->[com.stripe:payments-core:16.10.0] AndroidManifest.xml:63:13-66
233        <activity
233-->[com.stripe:payments-core:16.10.0] AndroidManifest.xml:64:9-66:66
234            android:name="com.stripe.android.googlepay.StripeGooglePayActivity"
234-->[com.stripe:payments-core:16.10.0] AndroidManifest.xml:65:13-80
235            android:theme="@style/StripeGooglePayDefaultTheme" />
235-->[com.stripe:payments-core:16.10.0] AndroidManifest.xml:66:13-63
236        <activity
236-->[com.stripe:stripe-3ds2-android:5.3.1] AndroidManifest.xml:10:9-12:54
237            android:name="com.stripe.android.stripe3ds2.views.ChallengeActivity"
237-->[com.stripe:stripe-3ds2-android:5.3.1] AndroidManifest.xml:11:13-81
238            android:theme="@style/Stripe3DS2Theme" />
238-->[com.stripe:stripe-3ds2-android:5.3.1] AndroidManifest.xml:12:13-51
239        <activity
239-->[com.stripe:stripe-3ds2-android:5.3.1] AndroidManifest.xml:13:9-15:54
240            android:name="com.stripe.android.stripe3ds2.views.ChallengeProgressActivity"
240-->[com.stripe:stripe-3ds2-android:5.3.1] AndroidManifest.xml:14:13-89
241            android:theme="@style/Stripe3DS2Theme" />
241-->[com.stripe:stripe-3ds2-android:5.3.1] AndroidManifest.xml:15:13-51
242        <activity
242-->[com.google.android.gms:play-services-auth:16.0.1] AndroidManifest.xml:23:9-27:75
243            android:name="com.google.android.gms.auth.api.signin.internal.SignInHubActivity"
243-->[com.google.android.gms:play-services-auth:16.0.1] AndroidManifest.xml:24:13-93
244            android:excludeFromRecents="true"
244-->[com.google.android.gms:play-services-auth:16.0.1] AndroidManifest.xml:25:13-46
245            android:exported="false"
245-->[com.google.android.gms:play-services-auth:16.0.1] AndroidManifest.xml:26:13-37
246            android:theme="@android:style/Theme.Translucent.NoTitleBar" />
246-->[com.google.android.gms:play-services-auth:16.0.1] AndroidManifest.xml:27:13-72
247        <!--
248            Service handling Google Sign-In user revocation. For apps that do not integrate with
249            Google Sign-In, this service will never be started.
250        -->
251        <service
251-->[com.google.android.gms:play-services-auth:16.0.1] AndroidManifest.xml:33:9-36:110
252            android:name="com.google.android.gms.auth.api.signin.RevocationBoundService"
252-->[com.google.android.gms:play-services-auth:16.0.1] AndroidManifest.xml:34:13-89
253            android:exported="true"
253-->[com.google.android.gms:play-services-auth:16.0.1] AndroidManifest.xml:35:13-36
254            android:permission="com.google.android.gms.auth.api.signin.permission.REVOCATION_NOTIFICATION" />
254-->[com.google.android.gms:play-services-auth:16.0.1] AndroidManifest.xml:36:13-107
255
256        <receiver
256-->[com.google.firebase:firebase-messaging:22.0.0] AndroidManifest.xml:28:9-35:20
257            android:name="com.google.firebase.iid.FirebaseInstanceIdReceiver"
257-->[com.google.firebase:firebase-messaging:22.0.0] AndroidManifest.xml:29:13-78
258            android:exported="true"
258-->[com.google.firebase:firebase-messaging:22.0.0] AndroidManifest.xml:30:13-36
259            android:permission="com.google.android.c2dm.permission.SEND" >
259-->[com.google.firebase:firebase-messaging:22.0.0] AndroidManifest.xml:31:13-73
260            <intent-filter>
260-->[:firebase_messaging] AndroidManifest.xml:28:13-30:29
261                <action android:name="com.google.android.c2dm.intent.RECEIVE" />
261-->[:firebase_messaging] AndroidManifest.xml:29:17-81
261-->[:firebase_messaging] AndroidManifest.xml:29:25-78
262            </intent-filter>
263        </receiver>
264        <!--
265             FirebaseMessagingService performs security checks at runtime,
266             but set to not exported to explicitly avoid allowing another app to call it.
267        -->
268        <service
268-->[com.google.firebase:firebase-messaging:22.0.0] AndroidManifest.xml:41:9-48:19
269            android:name="com.google.firebase.messaging.FirebaseMessagingService"
269-->[com.google.firebase:firebase-messaging:22.0.0] AndroidManifest.xml:42:13-82
270            android:directBootAware="true"
270-->[com.google.firebase:firebase-messaging:22.0.0] AndroidManifest.xml:43:13-43
271            android:exported="false" >
271-->[com.google.firebase:firebase-messaging:22.0.0] AndroidManifest.xml:44:13-37
272            <intent-filter android:priority="-500" >
272-->[:firebase_messaging] AndroidManifest.xml:19:13-21:29
273                <action android:name="com.google.firebase.MESSAGING_EVENT" />
273-->[:firebase_messaging] AndroidManifest.xml:20:17-78
273-->[:firebase_messaging] AndroidManifest.xml:20:25-75
274            </intent-filter>
275        </service>
276
277        <provider
277-->[com.github.LuckSiege.PictureSelector:picture_library:v2.6.1] AndroidManifest.xml:25:9-33:20
278            android:name="com.luck.picture.lib.PictureFileProvider"
278-->[com.github.LuckSiege.PictureSelector:picture_library:v2.6.1] AndroidManifest.xml:26:13-68
279            android:authorities="com.example.baratonsupermarket_app.luckProvider"
279-->[com.github.LuckSiege.PictureSelector:picture_library:v2.6.1] AndroidManifest.xml:27:13-64
280            android:exported="false"
280-->[com.github.LuckSiege.PictureSelector:picture_library:v2.6.1] AndroidManifest.xml:28:13-37
281            android:grantUriPermissions="true" >
281-->[com.github.LuckSiege.PictureSelector:picture_library:v2.6.1] AndroidManifest.xml:29:13-47
282            <meta-data
282-->[com.github.LuckSiege.PictureSelector:picture_library:v2.6.1] AndroidManifest.xml:30:13-32:54
283                android:name="android.support.FILE_PROVIDER_PATHS"
283-->[com.github.LuckSiege.PictureSelector:picture_library:v2.6.1] AndroidManifest.xml:31:17-67
284                android:resource="@xml/file_paths" />
284-->[com.github.LuckSiege.PictureSelector:picture_library:v2.6.1] AndroidManifest.xml:32:17-51
285        </provider>
286
287        <activity
287-->[com.github.LuckSiege.PictureSelector:picture_library:v2.6.1] AndroidManifest.xml:35:9-37:77
288            android:name="com.luck.picture.lib.PictureSelectorActivity"
288-->[com.github.LuckSiege.PictureSelector:picture_library:v2.6.1] AndroidManifest.xml:36:13-72